Using pre-set license
Built from '2020.3/staging' branch; Version is '2020.3.33f1 (915a7af8b0d5) revision 9525882'; Using compiler version '192528614'; Build Type 'Release'
OS: 'Windows 11  (10.0.22000) 64bit Core' Language: 'ko' Physical Memory: 8153 MB
BatchMode: 1, IsHumanControllingUs: 0, StartBugReporterOnCrash: 0, Is64bit: 1, IsPro: 0

COMMAND LINE ARGUMENTS:
C:\Program Files\Unity\Hub\Editor\2020.3.33f1\Editor\Unity.exe
-adb2
-batchMode
-noUpm
-name
AssetImportWorker0
-projectPath
D:/user/class/DailyClass/Defence-Game_team-prj/unity file/Map_v2.0
-logFile
Logs/AssetImportWorker0.log
-srvPort
57198
Successfully changed project path to: D:/user/class/DailyClass/Defence-Game_team-prj/unity file/Map_v2.0
D:/user/class/DailyClass/Defence-Game_team-prj/unity file/Map_v2.0
Using Asset Import Pipeline V2.
Refreshing native plugins compatible for Editor in 47.59 ms, found 3 plugins.
Preloading 0 native plugins for Editor in 0.00 ms.
Initialize engine version: 2020.3.33f1 (915a7af8b0d5)
[Subsystems] Discovering subsystems at path C:/Program Files/Unity/Hub/Editor/2020.3.33f1/Editor/Data/Resources/UnitySubsystems
[Subsystems] Discovering subsystems at path D:/user/class/DailyClass/Defence-Game_team-prj/unity file/Map_v2.0/Assets
GfxDevice: creating device client; threaded=0
Direct3D:
    Version:  Direct3D 11.0 [level 11.1]
    Renderer: NVIDIA GeForce GTX 1660 (ID=0x2184)
    Vendor:   
    VRAM:     5991 MB
    Driver:   27.21.14.5671
Initialize mono
Mono path[0] = 'C:/Program Files/Unity/Hub/Editor/2020.3.33f1/Editor/Data/Managed'
Mono path[1] = 'C:/Program Files/Unity/Hub/Editor/2020.3.33f1/Editor/Data/MonoBleedingEdge/lib/mono/unityjit'
Mono config path = 'C:/Program Files/Unity/Hub/Editor/2020.3.33f1/Editor/Data/MonoBleedingEdge/etc'
Using monoOptions --debugger-agent=transport=dt_socket,embedding=1,server=y,suspend=n,address=127.0.0.1:56932
Begin MonoManager ReloadAssembly
Registering precompiled unity dll's ...
Register platform support module: C:/Program Files/Unity/Hub/Editor/2020.3.33f1/Editor/Data/PlaybackEngines/WindowsStandaloneSupport/UnityEditor.WindowsStandalone.Extensions.dll
Registered in 0.005108 seconds.
Native extension for WindowsStandalone target not found
Refreshing native plugins compatible for Editor in 44.86 ms, found 3 plugins.
Preloading 0 native plugins for Editor in 0.00 ms.
Mono: successfully reloaded assembly
- Completed reload, in  1.034 seconds
Domain Reload Profiling:
	ReloadAssembly (1034ms)
		BeginReloadAssembly (438ms)
			ExecutionOrderSort (0ms)
			DisableScriptedObjects (0ms)
			BackupInstance (0ms)
			ReleaseScriptingObjects (0ms)
			CreateAndSetChildDomain (1ms)
		EndReloadAssembly (500ms)
			LoadAssemblies (432ms)
			RebuildTransferFunctionScriptingTraits (0ms)
			SetupTypeCache (175ms)
			ReleaseScriptCaches (0ms)
			RebuildScriptCaches (30ms)
			SetupLoadedEditorAssemblies (175ms)
				LogAssemblyErrors (0ms)
				InitializePlatformSupportModulesInManaged (5ms)
				SetLoadedEditorAssemblies (0ms)
				RefreshPlugins (45ms)
				BeforeProcessingInitializeOnLoad (16ms)
				ProcessInitializeOnLoadAttributes (80ms)
				ProcessInitializeOnLoadMethodAttributes (28ms)
				AfterProcessingInitializeOnLoad (0ms)
				EditorAssembliesLoaded (0ms)
			ExecutionOrderSort2 (0ms)
			AwakeInstancesAfterBackupRestoration (0ms)
Platform modules already initialized, skipping
Registering precompiled user dll's ...
Registered in 0.003014 seconds.
Begin MonoManager ReloadAssembly
Symbol file LoadedFromMemory doesn't match image D:\user\class\DailyClass\Defence-Game_team-prj\unity file\Map_v2.0\Library\PackageCache\com.unity.collab-proxy@1.15.15\Lib\Editor\PlasticSCM\unityplastic.dll
Native extension for WindowsStandalone target not found
Refreshing native plugins compatible for Editor in 44.25 ms, found 3 plugins.
Preloading 0 native plugins for Editor in 0.00 ms.
Mono: successfully reloaded assembly
- Completed reload, in  1.232 seconds
Domain Reload Profiling:
	ReloadAssembly (1233ms)
		BeginReloadAssembly (198ms)
			ExecutionOrderSort (0ms)
			DisableScriptedObjects (5ms)
			BackupInstance (0ms)
			ReleaseScriptingObjects (0ms)
			CreateAndSetChildDomain (18ms)
		EndReloadAssembly (953ms)
			LoadAssemblies (162ms)
			RebuildTransferFunctionScriptingTraits (0ms)
			SetupTypeCache (288ms)
			ReleaseScriptCaches (0ms)
			RebuildScriptCaches (47ms)
			SetupLoadedEditorAssemblies (367ms)
				LogAssemblyErrors (0ms)
				InitializePlatformSupportModulesInManaged (5ms)
				SetLoadedEditorAssemblies (0ms)
				RefreshPlugins (44ms)
				BeforeProcessingInitializeOnLoad (93ms)
				ProcessInitializeOnLoadAttributes (190ms)
				ProcessInitializeOnLoadMethodAttributes (17ms)
				AfterProcessingInitializeOnLoad (18ms)
				EditorAssembliesLoaded (0ms)
			ExecutionOrderSort2 (0ms)
			AwakeInstancesAfterBackupRestoration (6ms)
Platform modules already initialized, skipping
========================================================================
Worker process is ready to serve import requests
Launched and connected shader compiler UnityShaderCompiler.exe after 0.10 seconds
Refreshing native plugins compatible for Editor in 0.45 ms, found 3 plugins.
Preloading 0 native plugins for Editor in 0.00 ms.
Unloading 2208 Unused Serialized files (Serialized files now loaded: 0)
System memory in use before: 97.3 MB.
System memory in use after: 97.2 MB.

Unloading 31 unused Assets to reduce memory usage. Loaded Objects now: 2640.
Total: 3.135400 ms (FindLiveObjects: 0.203200 ms CreateObjectMapping: 0.103400 ms MarkObjects: 2.670500 ms  DeleteObjects: 0.157600 ms)

AssetImportParameters requested are different than current active one (requested -> active):
  custom:framework-win-MediaFoundation: 216162199b28c13a410421893ffa2e32 -> 
  custom:video-decoder-ogg-theora: a1e56fd34408186e4bbccfd4996cb3dc -> 
  custom:container-muxer-webm: aa71ff27fc2769a1b78a27578f13a17b -> 
  custom:container-demuxer-webm: 4f35f7cbe854078d1ac9338744f61a02 -> 
  custom:container-demuxer-ogg: 62fdf1f143b41e24485cea50d1cbac27 -> 
  custom:video-encoder-webm-vp8: eb34c28f22e8b96e1ab97ce403110664 -> 
  custom:video-decoder-webm-vp8: 9c59270c3fd7afecdb556c50c9e8de78 -> 
  custom:audio-decoder-ogg-vorbis: bf7c407c2cedff20999df2af8eb42d56 -> 
  custom:audio-encoder-webm-vorbis: bf7c407c2cedff20999df2af8eb42d56 -> 
========================================================================
Received Import Request.
  path: Assets/hero/warrior/Sprite_ani/walk/Animation/AnimationC/warriorWalktoBottom.controller
  artifactKey: Guid(c910fd2cb9ccf664ea352c7e7817c12d) Importer(815301076,1909f56bfc062723c751e8b465ee728b)
Start importing Assets/hero/warrior/Sprite_ani/walk/Animation/AnimationC/warriorWalktoBottom.controller using Guid(c910fd2cb9ccf664ea352c7e7817c12d) Importer(815301076,1909f56bfc062723c751e8b465ee728b)  -> (artifact id: '1ddf962f3740f3207be8c245c7ea228b') in 0.044409 seconds 
========================================================================
Received Import Request.
  Time since last request: 0.136850 seconds.
  path: Assets/hero/warrior/script/Warrior.cs
  artifactKey: Guid(4c7eb68f4ccaa1a46926c14da227067b) Importer(815301076,1909f56bfc062723c751e8b465ee728b)
Start importing Assets/hero/warrior/script/Warrior.cs using Guid(4c7eb68f4ccaa1a46926c14da227067b) Importer(815301076,1909f56bfc062723c751e8b465ee728b)  -> (artifact id: '9d6be08f9ecf63066b2a6f28d0bd273d') in 0.015400 seconds 
========================================================================
Received Import Request.
  Time since last request: 0.002973 seconds.
  path: Assets/hero/warrior/script/WarriorAttackBasic.cs
  artifactKey: Guid(633070bc3b3bb2348a21d3fca5a8e948) Importer(815301076,1909f56bfc062723c751e8b465ee728b)
Start importing Assets/hero/warrior/script/WarriorAttackBasic.cs using Guid(633070bc3b3bb2348a21d3fca5a8e948) Importer(815301076,1909f56bfc062723c751e8b465ee728b)  -> (artifact id: 'a04e56190e60f050fe3700f3f5406335') in 0.001561 seconds 
========================================================================
Received Import Request.
  Time since last request: 0.080955 seconds.
  path: Assets/Isometric Tower Defense Pack/Vector/Isometric Tower Defense Pack.eps
  artifactKey: Guid(9404af710bc669b4982fdda4e3713bc1) Importer(815301076,1909f56bfc062723c751e8b465ee728b)
Start importing Assets/Isometric Tower Defense Pack/Vector/Isometric Tower Defense Pack.eps using Guid(9404af710bc669b4982fdda4e3713bc1) Importer(815301076,1909f56bfc062723c751e8b465ee728b)  -> (artifact id: '6f76cd30b73b8e13f0943882a5818137') in 0.011472 seconds 
========================================================================
Received Import Request.
  Time since last request: 0.094493 seconds.
  path: Assets/hero/warrior/Sprite_ani/fight/Animation/warriorAttackFront.anim
  artifactKey: Guid(e544481bef17d664c9f5e270ba2d5abd) Importer(815301076,1909f56bfc062723c751e8b465ee728b)
Start importing Assets/hero/warrior/Sprite_ani/fight/Animation/warriorAttackFront.anim using Guid(e544481bef17d664c9f5e270ba2d5abd) Importer(815301076,1909f56bfc062723c751e8b465ee728b)  -> (artifact id: '90219f33e7fa2cbfd9d3e9aa64181eae') in 0.013339 seconds 
========================================================================
Received Import Request.
  Time since last request: 0.051309 seconds.
  path: Assets/hero/HeroMovement.cs
  artifactKey: Guid(cec10972202f0bc4c9d65ad0a578c250) Importer(815301076,1909f56bfc062723c751e8b465ee728b)
Start importing Assets/hero/HeroMovement.cs using Guid(cec10972202f0bc4c9d65ad0a578c250) Importer(815301076,1909f56bfc062723c751e8b465ee728b)  -> (artifact id: '3adca6121b86381b73bea2a5cc9368cf') in 0.001606 seconds 
========================================================================
Received Import Request.
  Time since last request: 0.002318 seconds.
  path: Assets/hero/warrior/Sprite_ani/fight/Animation/warriorAttackRight.controller
  artifactKey: Guid(2104fcf9580ebbf40b76e3896e345927) Importer(815301076,1909f56bfc062723c751e8b465ee728b)
Start importing Assets/hero/warrior/Sprite_ani/fight/Animation/warriorAttackRight.controller using Guid(2104fcf9580ebbf40b76e3896e345927) Importer(815301076,1909f56bfc062723c751e8b465ee728b)  -> (artifact id: '3d6276eff5d1d2012f6f33029bc60f6e') in 0.002797 seconds 
========================================================================
Received Import Request.
  Time since last request: 0.279404 seconds.
  path: Assets/Isometric Medieval Pack/Vector/Isometric Medieval Pack(Patreon).ai
  artifactKey: Guid(748d5880774ad2645a4d151ca3da8313) Importer(815301076,1909f56bfc062723c751e8b465ee728b)
Start importing Assets/Isometric Medieval Pack/Vector/Isometric Medieval Pack(Patreon).ai using Guid(748d5880774ad2645a4d151ca3da8313) Importer(815301076,1909f56bfc062723c751e8b465ee728b)  -> (artifact id: '19a5c36c8d0d5c3240913ee775b1f548') in 0.007263 seconds 
========================================================================
Received Import Request.
  Time since last request: 0.002975 seconds.
  path: Assets/hero/warrior/Sprite_ani/fight/Animation/warriorAttackBack.anim
  artifactKey: Guid(a81dff43d2d41094d8bad5eea586772b) Importer(815301076,1909f56bfc062723c751e8b465ee728b)
Start importing Assets/hero/warrior/Sprite_ani/fight/Animation/warriorAttackBack.anim using Guid(a81dff43d2d41094d8bad5eea586772b) Importer(815301076,1909f56bfc062723c751e8b465ee728b)  -> (artifact id: 'df7640c6b6496112119cabdeb3282dd7') in 0.002660 seconds 
========================================================================
Received Import Request.
  Time since last request: 0.002665 seconds.
  path: Assets/hero/warrior/Sprite_ani/walk/Animation/warriorWalktoBottom.anim
  artifactKey: Guid(21014d34887c72f4492a6e570a73f17f) Importer(815301076,1909f56bfc062723c751e8b465ee728b)
Start importing Assets/hero/warrior/Sprite_ani/walk/Animation/warriorWalktoBottom.anim using Guid(21014d34887c72f4492a6e570a73f17f) Importer(815301076,1909f56bfc062723c751e8b465ee728b)  -> (artifact id: '1d64260ba0a88d69ddff164bced3d138') in 0.002469 seconds 
========================================================================
Received Import Request.
  Time since last request: 0.048005 seconds.
  path: Assets/hero/warrior/Sprite_ani/fight/Animation/warriorAttackRight.anim
  artifactKey: Guid(c6cdf6057f2335843858d6d466a92c05) Importer(815301076,1909f56bfc062723c751e8b465ee728b)
Start importing Assets/hero/warrior/Sprite_ani/fight/Animation/warriorAttackRight.anim using Guid(c6cdf6057f2335843858d6d466a92c05) Importer(815301076,1909f56bfc062723c751e8b465ee728b)  -> (artifact id: '21bdead3b825991396894d96ac29e4d5') in 0.001841 seconds 
========================================================================
Received Import Request.
  Time since last request: 0.017082 seconds.
  path: Assets/Isometric Medieval Pack/Vector/Isometric Medieval Pack(Patreon).svg
  artifactKey: Guid(49ee8b2c187467941b4942f3a3a36402) Importer(815301076,1909f56bfc062723c751e8b465ee728b)
Start importing Assets/Isometric Medieval Pack/Vector/Isometric Medieval Pack(Patreon).svg using Guid(49ee8b2c187467941b4942f3a3a36402) Importer(815301076,1909f56bfc062723c751e8b465ee728b)  -> (artifact id: 'c9d456bf1b1d38f5c90d9398017b57d2') in 0.007372 seconds 
========================================================================
Received Import Request.
  Time since last request: 0.003082 seconds.
  path: Assets/hero/warrior/Sprite_ani/fight/Animation
  artifactKey: Guid(aae9a0656a1f08141a2ef616219217e1) Importer(815301076,1909f56bfc062723c751e8b465ee728b)
Start importing Assets/hero/warrior/Sprite_ani/fight/Animation using Guid(aae9a0656a1f08141a2ef616219217e1) Importer(815301076,1909f56bfc062723c751e8b465ee728b)  -> (artifact id: 'b9a3945867a0a9032ac70beb406cf714') in 0.001367 seconds 
========================================================================
Received Import Request.
  Time since last request: 0.005736 seconds.
  path: Assets/hero/warrior/Sprite_ani/walk/Animation/AnimationC/warriorWalkRight.controller
  artifactKey: Guid(e4a5f27bcb6f70743a9f1bc707dcf5d3) Importer(815301076,1909f56bfc062723c751e8b465ee728b)
Start importing Assets/hero/warrior/Sprite_ani/walk/Animation/AnimationC/warriorWalkRight.controller using Guid(e4a5f27bcb6f70743a9f1bc707dcf5d3) Importer(815301076,1909f56bfc062723c751e8b465ee728b)  -> (artifact id: 'ee7efd302f207aaf10181c2de0bfd9b6') in 0.002604 seconds 
========================================================================
Received Import Request.
  Time since last request: 0.002805 seconds.
  path: Assets/Scenes
  artifactKey: Guid(131a6b21c8605f84396be9f6751fb6e3) Importer(815301076,1909f56bfc062723c751e8b465ee728b)
Start importing Assets/Scenes using Guid(131a6b21c8605f84396be9f6751fb6e3) Importer(815301076,1909f56bfc062723c751e8b465ee728b)  -> (artifact id: 'df75b7d1a31c5b4f73fd45661b403b04') in 0.001459 seconds 
========================================================================
Received Import Request.
  Time since last request: 0.005494 seconds.
  path: Assets/hero/warrior/script/WarriorSkill.cs
  artifactKey: Guid(f813771bdeb32ac4c8986ed8461a446b) Importer(815301076,1909f56bfc062723c751e8b465ee728b)
Start importing Assets/hero/warrior/script/WarriorSkill.cs using Guid(f813771bdeb32ac4c8986ed8461a446b) Importer(815301076,1909f56bfc062723c751e8b465ee728b)  -> (artifact id: '092b85fa517c824f5b1bf0e965feb819') in 0.001505 seconds 
========================================================================
Received Import Request.
  Time since last request: 0.002424 seconds.
  path: Assets/hero/warrior/Sprite_ani/fight/Animation/warriorAttackLeft.anim
  artifactKey: Guid(d2f10247914cc5e4e82ba735c7bd5407) Importer(815301076,1909f56bfc062723c751e8b465ee728b)
Start importing Assets/hero/warrior/Sprite_ani/fight/Animation/warriorAttackLeft.anim using Guid(d2f10247914cc5e4e82ba735c7bd5407) Importer(815301076,1909f56bfc062723c751e8b465ee728b)  -> (artifact id: '3099f3c3ded7b60011723b2a97d003b3') in 0.002024 seconds 
========================================================================
Received Import Request.
  Time since last request: 0.168938 seconds.
  path: Assets/Isometric Tower Defense Pack/Vector/Isometric Tower Defense Pack.ai
  artifactKey: Guid(5177a631fbbfdbb43b148ccf79682930) Importer(815301076,1909f56bfc062723c751e8b465ee728b)
Start importing Assets/Isometric Tower Defense Pack/Vector/Isometric Tower Defense Pack.ai using Guid(5177a631fbbfdbb43b148ccf79682930) Importer(815301076,1909f56bfc062723c751e8b465ee728b)  -> (artifact id: 'af760cd9b0fb52e4cfb4abffb01206db') in 0.001807 seconds 
========================================================================
Received Import Request.
  Time since last request: 0.002051 seconds.
  path: Assets/hero/warrior/Sprite_ani/walk/Animation/AnimationC
  artifactKey: Guid(2f102d1d47573554594c5cb3bf8ed3ef) Importer(815301076,1909f56bfc062723c751e8b465ee728b)
Start importing Assets/hero/warrior/Sprite_ani/walk/Animation/AnimationC using Guid(2f102d1d47573554594c5cb3bf8ed3ef) Importer(815301076,1909f56bfc062723c751e8b465ee728b)  -> (artifact id: '1fe67fcf6d21464ac72a5bc239ec67f9') in 0.002291 seconds 
========================================================================
Received Import Request.
  Time since last request: 0.003607 seconds.
  path: Assets/hero/warrior/Sprite_ani/walk/Animation/AnimationC/warriorWalkLeft.controller
  artifactKey: Guid(5a1fe69bec35a694fb46d42611e0b7d3) Importer(815301076,1909f56bfc062723c751e8b465ee728b)
Start importing Assets/hero/warrior/Sprite_ani/walk/Animation/AnimationC/warriorWalkLeft.controller using Guid(5a1fe69bec35a694fb46d42611e0b7d3) Importer(815301076,1909f56bfc062723c751e8b465ee728b)  -> (artifact id: 'b29ae1198113af5922fd42e8693809a4') in 0.002475 seconds 
========================================================================
Received Import Request.
  Time since last request: 0.031329 seconds.
  path: Assets/hero/warrior/Sprite_ani/fight/Animation/warriorAttackLeft.controller
  artifactKey: Guid(7efd2b5307e366044848ef884f0e169e) Importer(815301076,1909f56bfc062723c751e8b465ee728b)
Start importing Assets/hero/warrior/Sprite_ani/fight/Animation/warriorAttackLeft.controller using Guid(7efd2b5307e366044848ef884f0e169e) Importer(815301076,1909f56bfc062723c751e8b465ee728b)  -> (artifact id: 'b70d015e53d3ec3634198b854977c6a0') in 0.002192 seconds 
========================================================================
Received Import Request.
  Time since last request: 0.002824 seconds.
  path: Assets/hero/warrior/Sprite_ani/walk/Animation/warriorWalktoTop.anim
  artifactKey: Guid(f6d658eab35e03643854c85f25eb340c) Importer(815301076,1909f56bfc062723c751e8b465ee728b)
Start importing Assets/hero/warrior/Sprite_ani/walk/Animation/warriorWalktoTop.anim using Guid(f6d658eab35e03643854c85f25eb340c) Importer(815301076,1909f56bfc062723c751e8b465ee728b)  -> (artifact id: '3e50c44d2e320ead4509fec5d81aafda') in 0.002230 seconds 
========================================================================
Received Import Request.
  Time since last request: 0.060583 seconds.
  path: Assets/Isometric Medieval Pack/Vector/Isometric Medieval Pack(Patreon).eps
  artifactKey: Guid(492b9857e0f842a44a5131e039ffcd62) Importer(815301076,1909f56bfc062723c751e8b465ee728b)
Start importing Assets/Isometric Medieval Pack/Vector/Isometric Medieval Pack(Patreon).eps using Guid(492b9857e0f842a44a5131e039ffcd62) Importer(815301076,1909f56bfc062723c751e8b465ee728b)  -> (artifact id: 'c2802307ba63ecfc62ea64d8f0cbb2d6') in 0.001640 seconds 
========================================================================
Received Import Request.
  Time since last request: 0.002203 seconds.
  path: Assets/hero/warrior/Sprite_ani/walk/Animation/AnimationC/warriorWalktoTop.controller
  artifactKey: Guid(7b97f2babef9f3748a8ad74e29176b97) Importer(815301076,1909f56bfc062723c751e8b465ee728b)
Start importing Assets/hero/warrior/Sprite_ani/walk/Animation/AnimationC/warriorWalktoTop.controller using Guid(7b97f2babef9f3748a8ad74e29176b97) Importer(815301076,1909f56bfc062723c751e8b465ee728b)  -> (artifact id: '1eb6ff3bd2ae6f13ad0b100a5edf87c2') in 0.001842 seconds 
========================================================================
Received Import Request.
  Time since last request: 0.002150 seconds.
  path: Assets/hero/warrior/Sprite_ani/walk/Animation/warriorWalktoRight.anim
  artifactKey: Guid(02bbd71d98d139747a27d05a3e728d73) Importer(815301076,1909f56bfc062723c751e8b465ee728b)
Start importing Assets/hero/warrior/Sprite_ani/walk/Animation/warriorWalktoRight.anim using Guid(02bbd71d98d139747a27d05a3e728d73) Importer(815301076,1909f56bfc062723c751e8b465ee728b)  -> (artifact id: 'd9238c28f5fe239372e8c3b58ad5f0ed') in 0.002634 seconds 
========================================================================
Received Import Request.
  Time since last request: 0.002192 seconds.
  path: Assets/hero/warrior/script/knight.cs
  artifactKey: Guid(cb2669be27d866a448ba4f27a0447fac) Importer(815301076,1909f56bfc062723c751e8b465ee728b)
Start importing Assets/hero/warrior/script/knight.cs using Guid(cb2669be27d866a448ba4f27a0447fac) Importer(815301076,1909f56bfc062723c751e8b465ee728b)  -> (artifact id: 'e184a1ddf2797a172466dd6c260becc0') in 0.001428 seconds 
========================================================================
Received Import Request.
  Time since last request: 0.048450 seconds.
  path: Assets/Isometric Tower Defense Pack/Vector/Isometric Tower Defense Pack.svg
  artifactKey: Guid(ce23c92573ddf874bba8b3f09864e03b) Importer(815301076,1909f56bfc062723c751e8b465ee728b)
Start importing Assets/Isometric Tower Defense Pack/Vector/Isometric Tower Defense Pack.svg using Guid(ce23c92573ddf874bba8b3f09864e03b) Importer(815301076,1909f56bfc062723c751e8b465ee728b)  -> (artifact id: '4642cb94ea6ff1db112aaf06ae85523e') in 0.001637 seconds 
========================================================================
Received Import Request.
  Time since last request: 0.314232 seconds.
  path: Assets/Scenes/SampleScene.unity
  artifactKey: Guid(2cda990e2423bbf4892e6590ba056729) Importer(815301076,1909f56bfc062723c751e8b465ee728b)
Start importing Assets/Scenes/SampleScene.unity using Guid(2cda990e2423bbf4892e6590ba056729) Importer(815301076,1909f56bfc062723c751e8b465ee728b)  -> (artifact id: '1706d32a47c35c87ee9831bc3eff6eea') in 0.002361 seconds 
========================================================================
Received Import Request.
  Time since last request: 0.093853 seconds.
  path: Assets/hero/warrior/Sprite_ani/fight/Animation/warriorAttackBack.controller
  artifactKey: Guid(4aa5273d9c003e5449c52a83be36917c) Importer(815301076,1909f56bfc062723c751e8b465ee728b)
Start importing Assets/hero/warrior/Sprite_ani/fight/Animation/warriorAttackBack.controller using Guid(4aa5273d9c003e5449c52a83be36917c) Importer(815301076,1909f56bfc062723c751e8b465ee728b)  -> (artifact id: '847e69e757b62451cdc273cbcd00afb6') in 0.002498 seconds 
========================================================================
Received Import Request.
  Time since last request: 0.063179 seconds.
  path: Assets/hero/warrior/Sprite_ani/walk/Animation/warriorWalktoLeft.anim
  artifactKey: Guid(75455247486026147aa54f8edaac27a4) Importer(815301076,1909f56bfc062723c751e8b465ee728b)
Start importing Assets/hero/warrior/Sprite_ani/walk/Animation/warriorWalktoLeft.anim using Guid(75455247486026147aa54f8edaac27a4) Importer(815301076,1909f56bfc062723c751e8b465ee728b)  -> (artifact id: '2d73143084b51a4f433cec7a5944a257') in 0.002197 seconds 
========================================================================
Received Import Request.
  Time since last request: 0.031155 seconds.
  path: Assets/hero/warrior/Sprite_ani/knightAni.controller
  artifactKey: Guid(30856225bd9dae047befd966488f331a) Importer(815301076,1909f56bfc062723c751e8b465ee728b)
Start importing Assets/hero/warrior/Sprite_ani/knightAni.controller using Guid(30856225bd9dae047befd966488f331a) Importer(815301076,1909f56bfc062723c751e8b465ee728b)  -> (artifact id: 'e5cd8c0f2819194886c8e7a8d729c0db') in 0.003421 seconds 
========================================================================
Received Import Request.
  Time since last request: 0.124498 seconds.
  path: Assets/hero/warrior/Sprite_ani/fight/Animation/warriorAttackFront.controller
  artifactKey: Guid(3ba6a24933971f74580a688694c1fdcd) Importer(815301076,1909f56bfc062723c751e8b465ee728b)
Start importing Assets/hero/warrior/Sprite_ani/fight/Animation/warriorAttackFront.controller using Guid(3ba6a24933971f74580a688694c1fdcd) Importer(815301076,1909f56bfc062723c751e8b465ee728b)  -> (artifact id: '1def5d7ac81345875a68b767bc97a7e6') in 0.002838 seconds 
========================================================================
Received Import Request.
  Time since last request: 0.028683 seconds.
  path: Assets/Isometric Tower Defense Pack/Scene/Demo.unity
  artifactKey: Guid(fb68681b415a3b2438a7b8bff2f4156b) Importer(815301076,1909f56bfc062723c751e8b465ee728b)
Start importing Assets/Isometric Tower Defense Pack/Scene/Demo.unity using Guid(fb68681b415a3b2438a7b8bff2f4156b) Importer(815301076,1909f56bfc062723c751e8b465ee728b)  -> (artifact id: '293711714121671a7a7cd342ccd1c820') in 0.001668 seconds 
========================================================================
Received Import Request.
  Time since last request: 0.002770 seconds.
  path: Assets/Isometric Medieval Pack/Scene/Demo.unity
  artifactKey: Guid(8e87528dcd8cc6f43bf631bc3ce26659) Importer(815301076,1909f56bfc062723c751e8b465ee728b)
Start importing Assets/Isometric Medieval Pack/Scene/Demo.unity using Guid(8e87528dcd8cc6f43bf631bc3ce26659) Importer(815301076,1909f56bfc062723c751e8b465ee728b)  -> (artifact id: '4b4fafe5341917e9b2fefb35ce0cd730') in 0.001442 seconds 
========================================================================
Received Import Request.
  Time since last request: 0.109442 seconds.
  path: Assets/hero/warrior/Sprite_ani/knightFight/knightRightAttack.anim
  artifactKey: Guid(30a324a5294bb0d4cacf173e980cc628) Importer(815301076,1909f56bfc062723c751e8b465ee728b)
Start importing Assets/hero/warrior/Sprite_ani/knightFight/knightRightAttack.anim using Guid(30a324a5294bb0d4cacf173e980cc628) Importer(815301076,1909f56bfc062723c751e8b465ee728b)  -> (artifact id: '8160f7d206fe81a428e85b65667568ab') in 0.003450 seconds 
========================================================================
Received Import Request.
  Time since last request: 57.813220 seconds.
  path: Assets/hero/warrior/script/ObjectPool.cs
  artifactKey: Guid(5eb51a0471ec688419e9ef1e15ffaab0) Importer(815301076,1909f56bfc062723c751e8b465ee728b)
Start importing Assets/hero/warrior/script/ObjectPool.cs using Guid(5eb51a0471ec688419e9ef1e15ffaab0) Importer(815301076,1909f56bfc062723c751e8b465ee728b)  -> (artifact id: '866d00d3cc0d05964ce833224bac8a1b') in 0.004985 seconds 
========================================================================
Received Prepare
Registering precompiled user dll's ...
Registered in 0.003546 seconds.
Begin MonoManager ReloadAssembly
Symbol file LoadedFromMemory doesn't match image D:\user\class\DailyClass\Defence-Game_team-prj\unity file\Map_v2.0\Library\PackageCache\com.unity.collab-proxy@1.15.15\Lib\Editor\PlasticSCM\unityplastic.dll
Native extension for WindowsStandalone target not found
Refreshing native plugins compatible for Editor in 0.77 ms, found 3 plugins.
Preloading 0 native plugins for Editor in 0.00 ms.
Mono: successfully reloaded assembly
- Completed reload, in  1.185 seconds
Domain Reload Profiling:
	ReloadAssembly (1185ms)
		BeginReloadAssembly (175ms)
			ExecutionOrderSort (0ms)
			DisableScriptedObjects (6ms)
			BackupInstance (0ms)
			ReleaseScriptingObjects (0ms)
			CreateAndSetChildDomain (35ms)
		EndReloadAssembly (928ms)
			LoadAssemblies (164ms)
			RebuildTransferFunctionScriptingTraits (0ms)
			SetupTypeCache (318ms)
			ReleaseScriptCaches (1ms)
			RebuildScriptCaches (42ms)
			SetupLoadedEditorAssemblies (354ms)
				LogAssemblyErrors (0ms)
				InitializePlatformSupportModulesInManaged (5ms)
				SetLoadedEditorAssemblies (0ms)
				RefreshPlugins (1ms)
				BeforeProcessingInitializeOnLoad (111ms)
				ProcessInitializeOnLoadAttributes (206ms)
				ProcessInitializeOnLoadMethodAttributes (13ms)
				AfterProcessingInitializeOnLoad (18ms)
				EditorAssembliesLoaded (0ms)
			ExecutionOrderSort2 (0ms)
			AwakeInstancesAfterBackupRestoration (10ms)
Platform modules already initialized, skipping
Refreshing native plugins compatible for Editor in 0.48 ms, found 3 plugins.
Preloading 0 native plugins for Editor in 0.00 ms.
Unloading 2204 Unused Serialized files (Serialized files now loaded: 0)
System memory in use before: 97.4 MB.
System memory in use after: 97.4 MB.

Unloading 20 unused Assets to reduce memory usage. Loaded Objects now: 2644.
Total: 3.347200 ms (FindLiveObjects: 0.189800 ms CreateObjectMapping: 0.087000 ms MarkObjects: 2.894100 ms  DeleteObjects: 0.175600 ms)

AssetImportParameters requested are different than current active one (requested -> active):
  custom:framework-win-MediaFoundation: 216162199b28c13a410421893ffa2e32 -> 
  custom:video-decoder-ogg-theora: a1e56fd34408186e4bbccfd4996cb3dc -> 
  custom:container-muxer-webm: aa71ff27fc2769a1b78a27578f13a17b -> 
  custom:container-demuxer-webm: 4f35f7cbe854078d1ac9338744f61a02 -> 
  custom:container-demuxer-ogg: 62fdf1f143b41e24485cea50d1cbac27 -> 
  custom:video-encoder-webm-vp8: eb34c28f22e8b96e1ab97ce403110664 -> 
  custom:video-decoder-webm-vp8: 9c59270c3fd7afecdb556c50c9e8de78 -> 
  custom:audio-decoder-ogg-vorbis: bf7c407c2cedff20999df2af8eb42d56 -> 
  custom:audio-encoder-webm-vorbis: bf7c407c2cedff20999df2af8eb42d56 -> 
========================================================================
Received Prepare
Registering precompiled user dll's ...
Registered in 0.032515 seconds.
Begin MonoManager ReloadAssembly
Symbol file LoadedFromMemory doesn't match image D:\user\class\DailyClass\Defence-Game_team-prj\unity file\Map_v2.0\Library\PackageCache\com.unity.collab-proxy@1.15.15\Lib\Editor\PlasticSCM\unityplastic.dll
Native extension for WindowsStandalone target not found
Refreshing native plugins compatible for Editor in 0.49 ms, found 3 plugins.
Preloading 0 native plugins for Editor in 0.00 ms.
Mono: successfully reloaded assembly
- Completed reload, in  1.163 seconds
Domain Reload Profiling:
	ReloadAssembly (1164ms)
		BeginReloadAssembly (172ms)
			ExecutionOrderSort (0ms)
			DisableScriptedObjects (7ms)
			BackupInstance (0ms)
			ReleaseScriptingObjects (0ms)
			CreateAndSetChildDomain (37ms)
		EndReloadAssembly (907ms)
			LoadAssemblies (155ms)
			RebuildTransferFunctionScriptingTraits (0ms)
			SetupTypeCache (302ms)
			ReleaseScriptCaches (1ms)
			RebuildScriptCaches (43ms)
			SetupLoadedEditorAssemblies (345ms)
				LogAssemblyErrors (0ms)
				InitializePlatformSupportModulesInManaged (5ms)
				SetLoadedEditorAssemblies (1ms)
				RefreshPlugins (1ms)
				BeforeProcessingInitializeOnLoad (96ms)
				ProcessInitializeOnLoadAttributes (211ms)
				ProcessInitializeOnLoadMethodAttributes (13ms)
				AfterProcessingInitializeOnLoad (19ms)
				EditorAssembliesLoaded (0ms)
			ExecutionOrderSort2 (0ms)
			AwakeInstancesAfterBackupRestoration (12ms)
Platform modules already initialized, skipping
Refreshing native plugins compatible for Editor in 1.26 ms, found 3 plugins.
Preloading 0 native plugins for Editor in 0.00 ms.
Unloading 2204 Unused Serialized files (Serialized files now loaded: 0)
System memory in use before: 97.4 MB.
System memory in use after: 97.4 MB.

Unloading 20 unused Assets to reduce memory usage. Loaded Objects now: 2647.
Total: 5.138100 ms (FindLiveObjects: 0.191000 ms CreateObjectMapping: 0.101400 ms MarkObjects: 4.323300 ms  DeleteObjects: 0.520900 ms)

AssetImportParameters requested are different than current active one (requested -> active):
  custom:framework-win-MediaFoundation: 216162199b28c13a410421893ffa2e32 -> 
  custom:video-decoder-ogg-theora: a1e56fd34408186e4bbccfd4996cb3dc -> 
  custom:container-muxer-webm: aa71ff27fc2769a1b78a27578f13a17b -> 
  custom:container-demuxer-webm: 4f35f7cbe854078d1ac9338744f61a02 -> 
  custom:container-demuxer-ogg: 62fdf1f143b41e24485cea50d1cbac27 -> 
  custom:video-encoder-webm-vp8: eb34c28f22e8b96e1ab97ce403110664 -> 
  custom:video-decoder-webm-vp8: 9c59270c3fd7afecdb556c50c9e8de78 -> 
  custom:audio-decoder-ogg-vorbis: bf7c407c2cedff20999df2af8eb42d56 -> 
  custom:audio-encoder-webm-vorbis: bf7c407c2cedff20999df2af8eb42d56 -> 
========================================================================
Received Import Request.
  Time since last request: 997.772047 seconds.
  path: Assets/hero/warrior/script/ObjectPool.cs
  artifactKey: Guid(5eb51a0471ec688419e9ef1e15ffaab0) Importer(815301076,1909f56bfc062723c751e8b465ee728b)
Start importing Assets/hero/warrior/script/ObjectPool.cs using Guid(5eb51a0471ec688419e9ef1e15ffaab0) Importer(815301076,1909f56bfc062723c751e8b465ee728b)  -> (artifact id: 'a9e768519a15ddef8e25e483031638b2') in 0.007282 seconds 
========================================================================
Received Prepare
Registering precompiled user dll's ...
Registered in 0.003515 seconds.
Begin MonoManager ReloadAssembly
Symbol file LoadedFromMemory doesn't match image D:\user\class\DailyClass\Defence-Game_team-prj\unity file\Map_v2.0\Library\PackageCache\com.unity.collab-proxy@1.15.15\Lib\Editor\PlasticSCM\unityplastic.dll
Native extension for WindowsStandalone target not found
Refreshing native plugins compatible for Editor in 0.48 ms, found 3 plugins.
Preloading 0 native plugins for Editor in 0.00 ms.
Mono: successfully reloaded assembly
- Completed reload, in  1.120 seconds
Domain Reload Profiling:
	ReloadAssembly (1121ms)
		BeginReloadAssembly (164ms)
			ExecutionOrderSort (0ms)
			DisableScriptedObjects (7ms)
			BackupInstance (0ms)
			ReleaseScriptingObjects (0ms)
			CreateAndSetChildDomain (35ms)
		EndReloadAssembly (878ms)
			LoadAssemblies (149ms)
			RebuildTransferFunctionScriptingTraits (0ms)
			SetupTypeCache (291ms)
			ReleaseScriptCaches (1ms)
			RebuildScriptCaches (43ms)
			SetupLoadedEditorAssemblies (333ms)
				LogAssemblyErrors (0ms)
				InitializePlatformSupportModulesInManaged (5ms)
				SetLoadedEditorAssemblies (0ms)
				RefreshPlugins (1ms)
				BeforeProcessingInitializeOnLoad (98ms)
				ProcessInitializeOnLoadAttributes (199ms)
				ProcessInitializeOnLoadMethodAttributes (12ms)
				AfterProcessingInitializeOnLoad (18ms)
				EditorAssembliesLoaded (0ms)
			ExecutionOrderSort2 (0ms)
			AwakeInstancesAfterBackupRestoration (9ms)
Platform modules already initialized, skipping
Refreshing native plugins compatible for Editor in 0.53 ms, found 3 plugins.
Preloading 0 native plugins for Editor in 0.00 ms.
Unloading 2204 Unused Serialized files (Serialized files now loaded: 0)
System memory in use before: 97.5 MB.
System memory in use after: 97.4 MB.

Unloading 20 unused Assets to reduce memory usage. Loaded Objects now: 2650.
Total: 2.903700 ms (FindLiveObjects: 0.160400 ms CreateObjectMapping: 0.080100 ms MarkObjects: 2.548500 ms  DeleteObjects: 0.113900 ms)

AssetImportParameters requested are different than current active one (requested -> active):
  custom:framework-win-MediaFoundation: 216162199b28c13a410421893ffa2e32 -> 
  custom:video-decoder-ogg-theora: a1e56fd34408186e4bbccfd4996cb3dc -> 
  custom:container-muxer-webm: aa71ff27fc2769a1b78a27578f13a17b -> 
  custom:container-demuxer-webm: 4f35f7cbe854078d1ac9338744f61a02 -> 
  custom:container-demuxer-ogg: 62fdf1f143b41e24485cea50d1cbac27 -> 
  custom:video-encoder-webm-vp8: eb34c28f22e8b96e1ab97ce403110664 -> 
  custom:video-decoder-webm-vp8: 9c59270c3fd7afecdb556c50c9e8de78 -> 
  custom:audio-decoder-ogg-vorbis: bf7c407c2cedff20999df2af8eb42d56 -> 
  custom:audio-encoder-webm-vorbis: bf7c407c2cedff20999df2af8eb42d56 -> 
========================================================================
Received Prepare
Registering precompiled user dll's ...
Registered in 0.003052 seconds.
Begin MonoManager ReloadAssembly
Symbol file LoadedFromMemory doesn't match image D:\user\class\DailyClass\Defence-Game_team-prj\unity file\Map_v2.0\Library\PackageCache\com.unity.collab-proxy@1.15.15\Lib\Editor\PlasticSCM\unityplastic.dll
Native extension for WindowsStandalone target not found
Refreshing native plugins compatible for Editor in 0.45 ms, found 3 plugins.
Preloading 0 native plugins for Editor in 0.00 ms.
Mono: successfully reloaded assembly
- Completed reload, in  1.172 seconds
Domain Reload Profiling:
	ReloadAssembly (1172ms)
		BeginReloadAssembly (174ms)
			ExecutionOrderSort (0ms)
			DisableScriptedObjects (7ms)
			BackupInstance (0ms)
			ReleaseScriptingObjects (0ms)
			CreateAndSetChildDomain (38ms)
		EndReloadAssembly (917ms)
			LoadAssemblies (156ms)
			RebuildTransferFunctionScriptingTraits (0ms)
			SetupTypeCache (327ms)
			ReleaseScriptCaches (1ms)
			RebuildScriptCaches (42ms)
			SetupLoadedEditorAssemblies (337ms)
				LogAssemblyErrors (0ms)
				InitializePlatformSupportModulesInManaged (6ms)
				SetLoadedEditorAssemblies (0ms)
				RefreshPlugins (1ms)
				BeforeProcessingInitializeOnLoad (102ms)
				ProcessInitializeOnLoadAttributes (198ms)
				ProcessInitializeOnLoadMethodAttributes (12ms)
				AfterProcessingInitializeOnLoad (18ms)
				EditorAssembliesLoaded (0ms)
			ExecutionOrderSort2 (0ms)
			AwakeInstancesAfterBackupRestoration (9ms)
Platform modules already initialized, skipping
Refreshing native plugins compatible for Editor in 0.65 ms, found 3 plugins.
Preloading 0 native plugins for Editor in 0.00 ms.
Unloading 2204 Unused Serialized files (Serialized files now loaded: 0)
System memory in use before: 97.5 MB.
System memory in use after: 97.4 MB.

Unloading 20 unused Assets to reduce memory usage. Loaded Objects now: 2653.
Total: 3.584000 ms (FindLiveObjects: 0.158200 ms CreateObjectMapping: 0.080200 ms MarkObjects: 3.191800 ms  DeleteObjects: 0.152700 ms)

AssetImportParameters requested are different than current active one (requested -> active):
  custom:framework-win-MediaFoundation: 216162199b28c13a410421893ffa2e32 -> 
  custom:video-decoder-ogg-theora: a1e56fd34408186e4bbccfd4996cb3dc -> 
  custom:container-muxer-webm: aa71ff27fc2769a1b78a27578f13a17b -> 
  custom:container-demuxer-webm: 4f35f7cbe854078d1ac9338744f61a02 -> 
  custom:container-demuxer-ogg: 62fdf1f143b41e24485cea50d1cbac27 -> 
  custom:video-encoder-webm-vp8: eb34c28f22e8b96e1ab97ce403110664 -> 
  custom:video-decoder-webm-vp8: 9c59270c3fd7afecdb556c50c9e8de78 -> 
  custom:audio-decoder-ogg-vorbis: bf7c407c2cedff20999df2af8eb42d56 -> 
  custom:audio-encoder-webm-vorbis: bf7c407c2cedff20999df2af8eb42d56 -> 
========================================================================
Received Prepare
Registering precompiled user dll's ...
Registered in 0.003685 seconds.
Begin MonoManager ReloadAssembly
Symbol file LoadedFromMemory doesn't match image D:\user\class\DailyClass\Defence-Game_team-prj\unity file\Map_v2.0\Library\PackageCache\com.unity.collab-proxy@1.15.15\Lib\Editor\PlasticSCM\unityplastic.dll
Native extension for WindowsStandalone target not found
Refreshing native plugins compatible for Editor in 0.51 ms, found 3 plugins.
Preloading 0 native plugins for Editor in 0.00 ms.
Mono: successfully reloaded assembly
- Completed reload, in  1.165 seconds
Domain Reload Profiling:
	ReloadAssembly (1165ms)
		BeginReloadAssembly (174ms)
			ExecutionOrderSort (0ms)
			DisableScriptedObjects (7ms)
			BackupInstance (0ms)
			ReleaseScriptingObjects (0ms)
			CreateAndSetChildDomain (37ms)
		EndReloadAssembly (912ms)
			LoadAssemblies (163ms)
			RebuildTransferFunctionScriptingTraits (0ms)
			SetupTypeCache (303ms)
			ReleaseScriptCaches (1ms)
			RebuildScriptCaches (43ms)
			SetupLoadedEditorAssemblies (339ms)
				LogAssemblyErrors (0ms)
				InitializePlatformSupportModulesInManaged (6ms)
				SetLoadedEditorAssemblies (1ms)
				RefreshPlugins (1ms)
				BeforeProcessingInitializeOnLoad (99ms)
				ProcessInitializeOnLoadAttributes (202ms)
				ProcessInitializeOnLoadMethodAttributes (13ms)
				AfterProcessingInitializeOnLoad (18ms)
				EditorAssembliesLoaded (0ms)
			ExecutionOrderSort2 (0ms)
			AwakeInstancesAfterBackupRestoration (9ms)
Platform modules already initialized, skipping
Refreshing native plugins compatible for Editor in 0.46 ms, found 3 plugins.
Preloading 0 native plugins for Editor in 0.00 ms.
Unloading 2204 Unused Serialized files (Serialized files now loaded: 0)
System memory in use before: 97.5 MB.
System memory in use after: 97.4 MB.

Unloading 20 unused Assets to reduce memory usage. Loaded Objects now: 2656.
Total: 3.067600 ms (FindLiveObjects: 0.201400 ms CreateObjectMapping: 0.091300 ms MarkObjects: 2.653200 ms  DeleteObjects: 0.120800 ms)

AssetImportParameters requested are different than current active one (requested -> active):
  custom:framework-win-MediaFoundation: 216162199b28c13a410421893ffa2e32 -> 
  custom:video-decoder-ogg-theora: a1e56fd34408186e4bbccfd4996cb3dc -> 
  custom:container-muxer-webm: aa71ff27fc2769a1b78a27578f13a17b -> 
  custom:container-demuxer-webm: 4f35f7cbe854078d1ac9338744f61a02 -> 
  custom:container-demuxer-ogg: 62fdf1f143b41e24485cea50d1cbac27 -> 
  custom:video-encoder-webm-vp8: eb34c28f22e8b96e1ab97ce403110664 -> 
  custom:video-decoder-webm-vp8: 9c59270c3fd7afecdb556c50c9e8de78 -> 
  custom:audio-decoder-ogg-vorbis: bf7c407c2cedff20999df2af8eb42d56 -> 
  custom:audio-encoder-webm-vorbis: bf7c407c2cedff20999df2af8eb42d56 -> 
========================================================================
Received Prepare
Registering precompiled user dll's ...
Registered in 0.003278 seconds.
Begin MonoManager ReloadAssembly
Symbol file LoadedFromMemory doesn't match image D:\user\class\DailyClass\Defence-Game_team-prj\unity file\Map_v2.0\Library\PackageCache\com.unity.collab-proxy@1.15.15\Lib\Editor\PlasticSCM\unityplastic.dll
Native extension for WindowsStandalone target not found
Refreshing native plugins compatible for Editor in 0.46 ms, found 3 plugins.
Preloading 0 native plugins for Editor in 0.00 ms.
Mono: successfully reloaded assembly
- Completed reload, in  1.135 seconds
Domain Reload Profiling:
	ReloadAssembly (1136ms)
		BeginReloadAssembly (170ms)
			ExecutionOrderSort (0ms)
			DisableScriptedObjects (6ms)
			BackupInstance (0ms)
			ReleaseScriptingObjects (0ms)
			CreateAndSetChildDomain (35ms)
		EndReloadAssembly (889ms)
			LoadAssemblies (157ms)
			RebuildTransferFunctionScriptingTraits (0ms)
			SetupTypeCache (283ms)
			ReleaseScriptCaches (1ms)
			RebuildScriptCaches (42ms)
			SetupLoadedEditorAssemblies (359ms)
				LogAssemblyErrors (0ms)
				InitializePlatformSupportModulesInManaged (5ms)
				SetLoadedEditorAssemblies (0ms)
				RefreshPlugins (1ms)
				BeforeProcessingInitializeOnLoad (122ms)
				ProcessInitializeOnLoadAttributes (201ms)
				ProcessInitializeOnLoadMethodAttributes (12ms)
				AfterProcessingInitializeOnLoad (18ms)
				EditorAssembliesLoaded (0ms)
			ExecutionOrderSort2 (0ms)
			AwakeInstancesAfterBackupRestoration (10ms)
Platform modules already initialized, skipping
Refreshing native plugins compatible for Editor in 0.47 ms, found 3 plugins.
Preloading 0 native plugins for Editor in 0.00 ms.
Unloading 2204 Unused Serialized files (Serialized files now loaded: 0)
System memory in use before: 97.5 MB.
System memory in use after: 97.5 MB.

Unloading 20 unused Assets to reduce memory usage. Loaded Objects now: 2659.
Total: 2.893400 ms (FindLiveObjects: 0.164000 ms CreateObjectMapping: 0.079900 ms MarkObjects: 2.541200 ms  DeleteObjects: 0.107300 ms)

AssetImportParameters requested are different than current active one (requested -> active):
  custom:framework-win-MediaFoundation: 216162199b28c13a410421893ffa2e32 -> 
  custom:video-decoder-ogg-theora: a1e56fd34408186e4bbccfd4996cb3dc -> 
  custom:container-muxer-webm: aa71ff27fc2769a1b78a27578f13a17b -> 
  custom:container-demuxer-webm: 4f35f7cbe854078d1ac9338744f61a02 -> 
  custom:container-demuxer-ogg: 62fdf1f143b41e24485cea50d1cbac27 -> 
  custom:video-encoder-webm-vp8: eb34c28f22e8b96e1ab97ce403110664 -> 
  custom:video-decoder-webm-vp8: 9c59270c3fd7afecdb556c50c9e8de78 -> 
  custom:audio-decoder-ogg-vorbis: bf7c407c2cedff20999df2af8eb42d56 -> 
  custom:audio-encoder-webm-vorbis: bf7c407c2cedff20999df2af8eb42d56 -> 
========================================================================
Received Prepare
Registering precompiled user dll's ...
Registered in 0.003323 seconds.
Begin MonoManager ReloadAssembly
Symbol file LoadedFromMemory doesn't match image D:\user\class\DailyClass\Defence-Game_team-prj\unity file\Map_v2.0\Library\PackageCache\com.unity.collab-proxy@1.15.15\Lib\Editor\PlasticSCM\unityplastic.dll
Native extension for WindowsStandalone target not found
Refreshing native plugins compatible for Editor in 0.45 ms, found 3 plugins.
Preloading 0 native plugins for Editor in 0.00 ms.
Mono: successfully reloaded assembly
- Completed reload, in  1.170 seconds
Domain Reload Profiling:
	ReloadAssembly (1170ms)
		BeginReloadAssembly (166ms)
			ExecutionOrderSort (0ms)
			DisableScriptedObjects (6ms)
			BackupInstance (0ms)
			ReleaseScriptingObjects (0ms)
			CreateAndSetChildDomain (34ms)
		EndReloadAssembly (922ms)
			LoadAssemblies (158ms)
			RebuildTransferFunctionScriptingTraits (0ms)
			SetupTypeCache (316ms)
			ReleaseScriptCaches (1ms)
			RebuildScriptCaches (45ms)
			SetupLoadedEditorAssemblies (342ms)
				LogAssemblyErrors (0ms)
				InitializePlatformSupportModulesInManaged (5ms)
				SetLoadedEditorAssemblies (0ms)
				RefreshPlugins (1ms)
				BeforeProcessingInitializeOnLoad (101ms)
				ProcessInitializeOnLoadAttributes (202ms)
				ProcessInitializeOnLoadMethodAttributes (14ms)
				AfterProcessingInitializeOnLoad (18ms)
				EditorAssembliesLoaded (0ms)
			ExecutionOrderSort2 (0ms)
			AwakeInstancesAfterBackupRestoration (9ms)
Platform modules already initialized, skipping
Refreshing native plugins compatible for Editor in 0.47 ms, found 3 plugins.
Preloading 0 native plugins for Editor in 0.00 ms.
Unloading 2204 Unused Serialized files (Serialized files now loaded: 0)
System memory in use before: 97.5 MB.
System memory in use after: 97.5 MB.

Unloading 20 unused Assets to reduce memory usage. Loaded Objects now: 2662.
Total: 3.006700 ms (FindLiveObjects: 0.180400 ms CreateObjectMapping: 0.083600 ms MarkObjects: 2.630500 ms  DeleteObjects: 0.111500 ms)

AssetImportParameters requested are different than current active one (requested -> active):
  custom:framework-win-MediaFoundation: 216162199b28c13a410421893ffa2e32 -> 
  custom:video-decoder-ogg-theora: a1e56fd34408186e4bbccfd4996cb3dc -> 
  custom:container-muxer-webm: aa71ff27fc2769a1b78a27578f13a17b -> 
  custom:container-demuxer-webm: 4f35f7cbe854078d1ac9338744f61a02 -> 
  custom:container-demuxer-ogg: 62fdf1f143b41e24485cea50d1cbac27 -> 
  custom:video-encoder-webm-vp8: eb34c28f22e8b96e1ab97ce403110664 -> 
  custom:video-decoder-webm-vp8: 9c59270c3fd7afecdb556c50c9e8de78 -> 
  custom:audio-decoder-ogg-vorbis: bf7c407c2cedff20999df2af8eb42d56 -> 
  custom:audio-encoder-webm-vorbis: bf7c407c2cedff20999df2af8eb42d56 -> 
========================================================================
Received Import Request.
  Time since last request: 1104.068475 seconds.
  path: Assets/hero/warrior/Sprite_ani/knight.prefab
  artifactKey: Guid(7963a81c822b9cf41a0859af04919b88) Importer(815301076,1909f56bfc062723c751e8b465ee728b)
Start importing Assets/hero/warrior/Sprite_ani/knight.prefab using Guid(7963a81c822b9cf41a0859af04919b88) Importer(815301076,1909f56bfc062723c751e8b465ee728b)  -> (artifact id: '980481ae29c85beb75cf59644bca45c0') in 0.147345 seconds 
========================================================================
Received Prepare
Registering precompiled user dll's ...
Registered in 0.033652 seconds.
Begin MonoManager ReloadAssembly
Symbol file LoadedFromMemory doesn't match image D:\user\class\DailyClass\Defence-Game_team-prj\unity file\Map_v2.0\Library\PackageCache\com.unity.collab-proxy@1.15.15\Lib\Editor\PlasticSCM\unityplastic.dll
Native extension for WindowsStandalone target not found
Refreshing native plugins compatible for Editor in 0.61 ms, found 3 plugins.
Preloading 0 native plugins for Editor in 0.00 ms.
Mono: successfully reloaded assembly
- Completed reload, in  1.454 seconds
Domain Reload Profiling:
	ReloadAssembly (1457ms)
		BeginReloadAssembly (300ms)
			ExecutionOrderSort (0ms)
			DisableScriptedObjects (22ms)
			BackupInstance (0ms)
			ReleaseScriptingObjects (0ms)
			CreateAndSetChildDomain (106ms)
		EndReloadAssembly (1063ms)
			LoadAssemblies (189ms)
			RebuildTransferFunctionScriptingTraits (0ms)
			SetupTypeCache (364ms)
			ReleaseScriptCaches (1ms)
			RebuildScriptCaches (48ms)
			SetupLoadedEditorAssemblies (397ms)
				LogAssemblyErrors (0ms)
				InitializePlatformSupportModulesInManaged (7ms)
				SetLoadedEditorAssemblies (1ms)
				RefreshPlugins (1ms)
				BeforeProcessingInitializeOnLoad (113ms)
				ProcessInitializeOnLoadAttributes (240ms)
				ProcessInitializeOnLoadMethodAttributes (15ms)
				AfterProcessingInitializeOnLoad (20ms)
				EditorAssembliesLoaded (0ms)
			ExecutionOrderSort2 (0ms)
			AwakeInstancesAfterBackupRestoration (11ms)
Platform modules already initialized, skipping
Refreshing native plugins compatible for Editor in 0.67 ms, found 3 plugins.
Preloading 0 native plugins for Editor in 0.00 ms.
Unloading 2204 Unused Serialized files (Serialized files now loaded: 0)
System memory in use before: 100.5 MB.
System memory in use after: 100.5 MB.

Unloading 20 unused Assets to reduce memory usage. Loaded Objects now: 2672.
Total: 3.008900 ms (FindLiveObjects: 0.158600 ms CreateObjectMapping: 0.079600 ms MarkObjects: 2.653900 ms  DeleteObjects: 0.115800 ms)

AssetImportParameters requested are different than current active one (requested -> active):
  custom:framework-win-MediaFoundation: 216162199b28c13a410421893ffa2e32 -> 
  custom:video-decoder-ogg-theora: a1e56fd34408186e4bbccfd4996cb3dc -> 
  custom:container-muxer-webm: aa71ff27fc2769a1b78a27578f13a17b -> 
  custom:container-demuxer-webm: 4f35f7cbe854078d1ac9338744f61a02 -> 
  custom:container-demuxer-ogg: 62fdf1f143b41e24485cea50d1cbac27 -> 
  custom:video-encoder-webm-vp8: eb34c28f22e8b96e1ab97ce403110664 -> 
  custom:video-decoder-webm-vp8: 9c59270c3fd7afecdb556c50c9e8de78 -> 
  custom:audio-decoder-ogg-vorbis: bf7c407c2cedff20999df2af8eb42d56 -> 
  custom:audio-encoder-webm-vorbis: bf7c407c2cedff20999df2af8eb42d56 -> 
========================================================================
Received Prepare
Registering precompiled user dll's ...
Registered in 0.003144 seconds.
Begin MonoManager ReloadAssembly
Symbol file LoadedFromMemory doesn't match image D:\user\class\DailyClass\Defence-Game_team-prj\unity file\Map_v2.0\Library\PackageCache\com.unity.collab-proxy@1.15.15\Lib\Editor\PlasticSCM\unityplastic.dll
Native extension for WindowsStandalone target not found
Refreshing native plugins compatible for Editor in 0.46 ms, found 3 plugins.
Preloading 0 native plugins for Editor in 0.00 ms.
Mono: successfully reloaded assembly
- Completed reload, in  1.093 seconds
Domain Reload Profiling:
	ReloadAssembly (1094ms)
		BeginReloadAssembly (176ms)
			ExecutionOrderSort (0ms)
			DisableScriptedObjects (6ms)
			BackupInstance (0ms)
			ReleaseScriptingObjects (0ms)
			CreateAndSetChildDomain (31ms)
		EndReloadAssembly (830ms)
			LoadAssemblies (165ms)
			RebuildTransferFunctionScriptingTraits (0ms)
			SetupTypeCache (267ms)
			ReleaseScriptCaches (1ms)
			RebuildScriptCaches (40ms)
			SetupLoadedEditorAssemblies (322ms)
				LogAssemblyErrors (0ms)
				InitializePlatformSupportModulesInManaged (5ms)
				SetLoadedEditorAssemblies (0ms)
				RefreshPlugins (1ms)
				BeforeProcessingInitializeOnLoad (93ms)
				ProcessInitializeOnLoadAttributes (192ms)
				ProcessInitializeOnLoadMethodAttributes (12ms)
				AfterProcessingInitializeOnLoad (19ms)
				EditorAssembliesLoaded (0ms)
			ExecutionOrderSort2 (0ms)
			AwakeInstancesAfterBackupRestoration (9ms)
Platform modules already initialized, skipping
Refreshing native plugins compatible for Editor in 0.58 ms, found 3 plugins.
Preloading 0 native plugins for Editor in 0.00 ms.
Unloading 2204 Unused Serialized files (Serialized files now loaded: 0)
System memory in use before: 100.5 MB.
System memory in use after: 100.5 MB.

Unloading 20 unused Assets to reduce memory usage. Loaded Objects now: 2675.
Total: 2.924400 ms (FindLiveObjects: 0.158400 ms CreateObjectMapping: 0.080100 ms MarkObjects: 2.572300 ms  DeleteObjects: 0.112900 ms)

AssetImportParameters requested are different than current active one (requested -> active):
  custom:framework-win-MediaFoundation: 216162199b28c13a410421893ffa2e32 -> 
  custom:video-decoder-ogg-theora: a1e56fd34408186e4bbccfd4996cb3dc -> 
  custom:container-muxer-webm: aa71ff27fc2769a1b78a27578f13a17b -> 
  custom:container-demuxer-webm: 4f35f7cbe854078d1ac9338744f61a02 -> 
  custom:container-demuxer-ogg: 62fdf1f143b41e24485cea50d1cbac27 -> 
  custom:video-encoder-webm-vp8: eb34c28f22e8b96e1ab97ce403110664 -> 
  custom:video-decoder-webm-vp8: 9c59270c3fd7afecdb556c50c9e8de78 -> 
  custom:audio-decoder-ogg-vorbis: bf7c407c2cedff20999df2af8eb42d56 -> 
  custom:audio-encoder-webm-vorbis: bf7c407c2cedff20999df2af8eb42d56 -> 
AssetImportWorkerClient::OnTransportError - code=2 error=End of file
