Using pre-set license
Built from '2020.3/staging' branch; Version is '2020.3.33f1 (915a7af8b0d5) revision 9525882'; Using compiler version '192528614'; Build Type 'Release'
OS: 'Windows 11  (10.0.22000) 64bit Core' Language: 'ko' Physical Memory: 8153 MB
BatchMode: 1, IsHumanControllingUs: 0, StartBugReporterOnCrash: 0, Is64bit: 1, IsPro: 0

COMMAND LINE ARGUMENTS:
C:\Program Files\Unity\Hub\Editor\2020.3.33f1\Editor\Unity.exe
-adb2
-batchMode
-noUpm
-name
AssetImportWorker0
-projectPath
D:/user/class/DailyClass/Defence-Game_team-prj/unity file/Map_v1.3
-logFile
Logs/AssetImportWorker0.log
-srvPort
58911
Successfully changed project path to: D:/user/class/DailyClass/Defence-Game_team-prj/unity file/Map_v1.3
D:/user/class/DailyClass/Defence-Game_team-prj/unity file/Map_v1.3
Using Asset Import Pipeline V2.
Refreshing native plugins compatible for Editor in 49.63 ms, found 3 plugins.
Preloading 0 native plugins for Editor in 0.00 ms.
Initialize engine version: 2020.3.33f1 (915a7af8b0d5)
[Subsystems] Discovering subsystems at path C:/Program Files/Unity/Hub/Editor/2020.3.33f1/Editor/Data/Resources/UnitySubsystems
[Subsystems] Discovering subsystems at path D:/user/class/DailyClass/Defence-Game_team-prj/unity file/Map_v1.3/Assets
GfxDevice: creating device client; threaded=0
Direct3D:
    Version:  Direct3D 11.0 [level 11.1]
    Renderer: NVIDIA GeForce GTX 1660 (ID=0x2184)
    Vendor:   
    VRAM:     5991 MB
    Driver:   27.21.14.5671
Initialize mono
Mono path[0] = 'C:/Program Files/Unity/Hub/Editor/2020.3.33f1/Editor/Data/Managed'
Mono path[1] = 'C:/Program Files/Unity/Hub/Editor/2020.3.33f1/Editor/Data/MonoBleedingEdge/lib/mono/unityjit'
Mono config path = 'C:/Program Files/Unity/Hub/Editor/2020.3.33f1/Editor/Data/MonoBleedingEdge/etc'
Using monoOptions --debugger-agent=transport=dt_socket,embedding=1,server=y,suspend=n,address=127.0.0.1:56988
Begin MonoManager ReloadAssembly
Registering precompiled unity dll's ...
Register platform support module: C:/Program Files/Unity/Hub/Editor/2020.3.33f1/Editor/Data/PlaybackEngines/WindowsStandaloneSupport/UnityEditor.WindowsStandalone.Extensions.dll
Registered in 0.005434 seconds.
Native extension for WindowsStandalone target not found
Refreshing native plugins compatible for Editor in 47.82 ms, found 3 plugins.
Preloading 0 native plugins for Editor in 0.00 ms.
Mono: successfully reloaded assembly
- Completed reload, in  0.680 seconds
Domain Reload Profiling:
	ReloadAssembly (681ms)
		BeginReloadAssembly (112ms)
			ExecutionOrderSort (0ms)
			DisableScriptedObjects (0ms)
			BackupInstance (0ms)
			ReleaseScriptingObjects (0ms)
			CreateAndSetChildDomain (1ms)
		EndReloadAssembly (475ms)
			LoadAssemblies (106ms)
			RebuildTransferFunctionScriptingTraits (0ms)
			SetupTypeCache (150ms)
			ReleaseScriptCaches (0ms)
			RebuildScriptCaches (30ms)
			SetupLoadedEditorAssemblies (178ms)
				LogAssemblyErrors (0ms)
				InitializePlatformSupportModulesInManaged (5ms)
				SetLoadedEditorAssemblies (0ms)
				RefreshPlugins (48ms)
				BeforeProcessingInitializeOnLoad (16ms)
				ProcessInitializeOnLoadAttributes (81ms)
				ProcessInitializeOnLoadMethodAttributes (28ms)
				AfterProcessingInitializeOnLoad (0ms)
				EditorAssembliesLoaded (0ms)
			ExecutionOrderSort2 (0ms)
			AwakeInstancesAfterBackupRestoration (0ms)
Platform modules already initialized, skipping
Registering precompiled user dll's ...
Registered in 0.003233 seconds.
Begin MonoManager ReloadAssembly
Symbol file LoadedFromMemory doesn't match image D:\user\class\DailyClass\Defence-Game_team-prj\unity file\Map_v1.3\Library\PackageCache\com.unity.collab-proxy@1.15.15\Lib\Editor\PlasticSCM\unityplastic.dll
Native extension for WindowsStandalone target not found
Refreshing native plugins compatible for Editor in 60.04 ms, found 3 plugins.
Preloading 0 native plugins for Editor in 0.00 ms.
Mono: successfully reloaded assembly
- Completed reload, in  1.375 seconds
Domain Reload Profiling:
	ReloadAssembly (1376ms)
		BeginReloadAssembly (202ms)
			ExecutionOrderSort (0ms)
			DisableScriptedObjects (4ms)
			BackupInstance (0ms)
			ReleaseScriptingObjects (0ms)
			CreateAndSetChildDomain (18ms)
		EndReloadAssembly (1092ms)
			LoadAssemblies (162ms)
			RebuildTransferFunctionScriptingTraits (0ms)
			SetupTypeCache (322ms)
			ReleaseScriptCaches (0ms)
			RebuildScriptCaches (56ms)
			SetupLoadedEditorAssemblies (445ms)
				LogAssemblyErrors (0ms)
				InitializePlatformSupportModulesInManaged (5ms)
				SetLoadedEditorAssemblies (0ms)
				RefreshPlugins (60ms)
				BeforeProcessingInitializeOnLoad (108ms)
				ProcessInitializeOnLoadAttributes (227ms)
				ProcessInitializeOnLoadMethodAttributes (23ms)
				AfterProcessingInitializeOnLoad (21ms)
				EditorAssembliesLoaded (0ms)
			ExecutionOrderSort2 (0ms)
			AwakeInstancesAfterBackupRestoration (7ms)
Platform modules already initialized, skipping
========================================================================
Worker process is ready to serve import requests
Launched and connected shader compiler UnityShaderCompiler.exe after 0.05 seconds
Refreshing native plugins compatible for Editor in 0.57 ms, found 3 plugins.
Preloading 0 native plugins for Editor in 0.00 ms.
Unloading 2204 Unused Serialized files (Serialized files now loaded: 0)
System memory in use before: 97.1 MB.
System memory in use after: 97.0 MB.

Unloading 31 unused Assets to reduce memory usage. Loaded Objects now: 2635.
Total: 3.107100 ms (FindLiveObjects: 0.175600 ms CreateObjectMapping: 0.088600 ms MarkObjects: 2.708400 ms  DeleteObjects: 0.133600 ms)

AssetImportParameters requested are different than current active one (requested -> active):
  custom:framework-win-MediaFoundation: 216162199b28c13a410421893ffa2e32 -> 
  custom:video-decoder-ogg-theora: a1e56fd34408186e4bbccfd4996cb3dc -> 
  custom:container-muxer-webm: aa71ff27fc2769a1b78a27578f13a17b -> 
  custom:container-demuxer-webm: 4f35f7cbe854078d1ac9338744f61a02 -> 
  custom:container-demuxer-ogg: 62fdf1f143b41e24485cea50d1cbac27 -> 
  custom:video-encoder-webm-vp8: eb34c28f22e8b96e1ab97ce403110664 -> 
  custom:video-decoder-webm-vp8: 9c59270c3fd7afecdb556c50c9e8de78 -> 
  custom:audio-decoder-ogg-vorbis: bf7c407c2cedff20999df2af8eb42d56 -> 
  custom:audio-encoder-webm-vorbis: bf7c407c2cedff20999df2af8eb42d56 -> 
========================================================================
Received Import Request.
  path: Assets/ground(1).prefab
  artifactKey: Guid(c694fc370a3776349b652488036a31a9) Importer(815301076,1909f56bfc062723c751e8b465ee728b)
Start importing Assets/ground(1).prefab using Guid(c694fc370a3776349b652488036a31a9) Importer(815301076,1909f56bfc062723c751e8b465ee728b)  -> (artifact id: '6c969cbded6a37c9c6140ec38e267584') in 0.130319 seconds 
========================================================================
Received Import Request.
  Time since last request: 0.000257 seconds.
  path: Assets/ground(1).png
  artifactKey: Guid(966c9629206aaf648bc295e0379e2e67) Importer(815301076,1909f56bfc062723c751e8b465ee728b)
Start importing Assets/ground(1).png using Guid(966c9629206aaf648bc295e0379e2e67) Importer(815301076,1909f56bfc062723c751e8b465ee728b)  -> (artifact id: '32969cc8cb80d66ca2e58fcbe7023bb6') in 0.042350 seconds 
========================================================================
Received Import Request.
  Time since last request: 0.000278 seconds.
  path: Assets/grass.png
  artifactKey: Guid(913703a1cebae804d9036daa4f6bb33a) Importer(815301076,1909f56bfc062723c751e8b465ee728b)
Start importing Assets/grass.png using Guid(913703a1cebae804d9036daa4f6bb33a) Importer(815301076,1909f56bfc062723c751e8b465ee728b)  -> (artifact id: '0b6a3b83cb73a8ce4cb2b07bee6c14b4') in 0.015649 seconds 
========================================================================
Received Import Request.
  Time since last request: 0.000295 seconds.
  path: Assets/grass.prefab
  artifactKey: Guid(16e2b31af2b0fbe46a720ea10c3d8300) Importer(815301076,1909f56bfc062723c751e8b465ee728b)
Start importing Assets/grass.prefab using Guid(16e2b31af2b0fbe46a720ea10c3d8300) Importer(815301076,1909f56bfc062723c751e8b465ee728b)  -> (artifact id: '310a0781e61ca535521fa7c3add21124') in 0.009893 seconds 
========================================================================
Received Import Request.
  Time since last request: 0.000327 seconds.
  path: Assets/New Palette.prefab
  artifactKey: Guid(fb9725f0ccd9b0b47b4cebde736984e0) Importer(815301076,1909f56bfc062723c751e8b465ee728b)
Start importing Assets/New Palette.prefab using Guid(fb9725f0ccd9b0b47b4cebde736984e0) Importer(815301076,1909f56bfc062723c751e8b465ee728b)  -> (artifact id: '1d753078a8d163b7dc7434a6f2fdca43') in 0.011797 seconds 
========================================================================
Received Import Request.
  Time since last request: 2.838903 seconds.
  path: Assets/Jieun/sprite
  artifactKey: Guid(241d4adde217a1f4f8d628a714caf015) Importer(815301076,1909f56bfc062723c751e8b465ee728b)
Start importing Assets/Jieun/sprite using Guid(241d4adde217a1f4f8d628a714caf015) Importer(815301076,1909f56bfc062723c751e8b465ee728b)  -> (artifact id: '8cdaa6d4d172ae699777a3424c1b99b0') in 0.001517 seconds 
========================================================================
Received Import Request.
  Time since last request: 3.637135 seconds.
  path: Assets/Jieun/sprite/hero
  artifactKey: Guid(d94f82a488e0a644c9c2110f994e1435) Importer(815301076,1909f56bfc062723c751e8b465ee728b)
Start importing Assets/Jieun/sprite/hero using Guid(d94f82a488e0a644c9c2110f994e1435) Importer(815301076,1909f56bfc062723c751e8b465ee728b)  -> (artifact id: '7cdc6575ac933d71dcd5a11d014698f9') in 0.002170 seconds 
========================================================================
Received Import Request.
  Time since last request: 0.071572 seconds.
  path: Assets/Jieun/sprite/hero/hero.png
  artifactKey: Guid(3185ef473ae283146b3b29dca4bbbec7) Importer(815301076,1909f56bfc062723c751e8b465ee728b)
Start importing Assets/Jieun/sprite/hero/hero.png using Guid(3185ef473ae283146b3b29dca4bbbec7) Importer(815301076,1909f56bfc062723c751e8b465ee728b)  -> (artifact id: 'a1e2171ab8f8e96c80ab06da03f4d251') in 0.012457 seconds 
========================================================================
Received Import Request.
  Time since last request: 0.000274 seconds.
  path: Assets/Jieun/sprite/hero/hero.prefab
  artifactKey: Guid(50534d9bedc4a3a4689c4fc2f0a3a10b) Importer(815301076,1909f56bfc062723c751e8b465ee728b)
Start importing Assets/Jieun/sprite/hero/hero.prefab using Guid(50534d9bedc4a3a4689c4fc2f0a3a10b) Importer(815301076,1909f56bfc062723c751e8b465ee728b)  -> (artifact id: '7d2786315aae67faed132a4119c79d2c') in 0.029200 seconds 
========================================================================
Received Import Request.
  Time since last request: 0.000285 seconds.
  path: Assets/Jieun/sprite/hero/hero_left.png
  artifactKey: Guid(5d1b54d87459e4d458fdacddadd238da) Importer(815301076,1909f56bfc062723c751e8b465ee728b)
Start importing Assets/Jieun/sprite/hero/hero_left.png using Guid(5d1b54d87459e4d458fdacddadd238da) Importer(815301076,1909f56bfc062723c751e8b465ee728b)  -> (artifact id: '132d1729b40a155b356e1c7fcedaf746') in 0.021313 seconds 
========================================================================
Received Import Request.
  Time since last request: 13.886430 seconds.
  path: Assets/Jieun/sprite/HeroMovement.cs
  artifactKey: Guid(cec10972202f0bc4c9d65ad0a578c250) Importer(815301076,1909f56bfc062723c751e8b465ee728b)
Start importing Assets/Jieun/sprite/HeroMovement.cs using Guid(cec10972202f0bc4c9d65ad0a578c250) Importer(815301076,1909f56bfc062723c751e8b465ee728b)  -> (artifact id: '7e068b62a4695c9319e0a21431b66b15') in 0.013554 seconds 
========================================================================
Received Import Request.
  Time since last request: 304.430257 seconds.
  path: Assets/Jieun/sprite/HeroAttack.cs
  artifactKey: Guid(02bb60bd2f15fa7499f54f2f20e0cb6b) Importer(815301076,1909f56bfc062723c751e8b465ee728b)
Start importing Assets/Jieun/sprite/HeroAttack.cs using Guid(02bb60bd2f15fa7499f54f2f20e0cb6b) Importer(815301076,1909f56bfc062723c751e8b465ee728b)  -> (artifact id: '2b0c4a291b1505dcaaba39c3aaa7f2d1') in 0.002362 seconds 
========================================================================
Received Prepare
Registering precompiled user dll's ...
Registered in 0.002977 seconds.
Begin MonoManager ReloadAssembly
Symbol file LoadedFromMemory doesn't match image D:\user\class\DailyClass\Defence-Game_team-prj\unity file\Map_v1.3\Library\PackageCache\com.unity.collab-proxy@1.15.15\Lib\Editor\PlasticSCM\unityplastic.dll
Native extension for WindowsStandalone target not found
Refreshing native plugins compatible for Editor in 0.68 ms, found 3 plugins.
Preloading 0 native plugins for Editor in 0.00 ms.
Mono: successfully reloaded assembly
- Completed reload, in  1.632 seconds
Domain Reload Profiling:
	ReloadAssembly (1633ms)
		BeginReloadAssembly (200ms)
			ExecutionOrderSort (0ms)
			DisableScriptedObjects (7ms)
			BackupInstance (0ms)
			ReleaseScriptingObjects (0ms)
			CreateAndSetChildDomain (45ms)
		EndReloadAssembly (1334ms)
			LoadAssemblies (177ms)
			RebuildTransferFunctionScriptingTraits (0ms)
			SetupTypeCache (600ms)
			ReleaseScriptCaches (1ms)
			RebuildScriptCaches (43ms)
			SetupLoadedEditorAssemblies (344ms)
				LogAssemblyErrors (0ms)
				InitializePlatformSupportModulesInManaged (6ms)
				SetLoadedEditorAssemblies (1ms)
				RefreshPlugins (1ms)
				BeforeProcessingInitializeOnLoad (103ms)
				ProcessInitializeOnLoadAttributes (202ms)
				ProcessInitializeOnLoadMethodAttributes (13ms)
				AfterProcessingInitializeOnLoad (20ms)
				EditorAssembliesLoaded (0ms)
			ExecutionOrderSort2 (0ms)
			AwakeInstancesAfterBackupRestoration (9ms)
Platform modules already initialized, skipping
Refreshing native plugins compatible for Editor in 0.61 ms, found 3 plugins.
Preloading 0 native plugins for Editor in 0.00 ms.
Unloading 2200 Unused Serialized files (Serialized files now loaded: 0)
System memory in use before: 100.1 MB.
System memory in use after: 100.1 MB.

Unloading 20 unused Assets to reduce memory usage. Loaded Objects now: 2652.
Total: 3.749200 ms (FindLiveObjects: 0.163500 ms CreateObjectMapping: 0.085800 ms MarkObjects: 3.375800 ms  DeleteObjects: 0.123000 ms)

AssetImportParameters requested are different than current active one (requested -> active):
  custom:framework-win-MediaFoundation: 216162199b28c13a410421893ffa2e32 -> 
  custom:video-decoder-ogg-theora: a1e56fd34408186e4bbccfd4996cb3dc -> 
  custom:container-muxer-webm: aa71ff27fc2769a1b78a27578f13a17b -> 
  custom:container-demuxer-webm: 4f35f7cbe854078d1ac9338744f61a02 -> 
  custom:container-demuxer-ogg: 62fdf1f143b41e24485cea50d1cbac27 -> 
  custom:video-encoder-webm-vp8: eb34c28f22e8b96e1ab97ce403110664 -> 
  custom:video-decoder-webm-vp8: 9c59270c3fd7afecdb556c50c9e8de78 -> 
  custom:audio-decoder-ogg-vorbis: bf7c407c2cedff20999df2af8eb42d56 -> 
  custom:audio-encoder-webm-vorbis: bf7c407c2cedff20999df2af8eb42d56 -> 
AssetImportWorkerClient::OnTransportError - code=2 error=End of file
